<?xml version="1.0" encoding="UTF-8"?>
<!-- Generated by org.testng.reporters.JUnitReportReporter -->
<testsuite hostname="DESKTOP-DLQ28S4" failures="0" tests="1" name="Testcase.TC_004_Blogpage" time="1.665" errors="0" timestamp="2024-03-03T21:40:39 IST" skipped="0">
  <testcase classname="Testcase.TC_004_Blogpage" name="blog_page" time="1.665"/>
  <system-out/>
</testsuite> <!-- Testcase.TC_004_Blogpage -->
