<?xml version="1.0" encoding="UTF-8"?>
<!-- Generated by org.testng.reporters.JUnitReportReporter -->
<testsuite hostname="DESKTOP-DLQ28S4" failures="0" tests="1" name="Testcase.TC_004_BillPay" time="2.660" errors="0" timestamp="2024-03-04T02:38:39 IST" skipped="0">
  <testcase classname="Testcase.TC_004_BillPay" name="bill_pay" time="2.660"/>
  <system-out/>
</testsuite> <!-- Testcase.TC_004_BillPay -->
